<?xml version="1.0" encoding="UTF-8"?>
<dataset>
	<Sample value="[null]"/>
</dataset>